<?xml version="1.0" encoding="UTF-8" standalone="yes"?><!DOCTYPE report PUBLIC "-//JACOCO//DTD Report 1.1//EN" "report.dtd"><report name="statistics"><sessioninfo id="DESKTOP-H6MRP86-e4dd5ca4" start="1622278396464" dump="1622278398338"/><sessioninfo id="DESKTOP-H6MRP86-38b79d29" start="1622279006893" dump="1622279008531"/><sessioninfo id="DESKTOP-H6MRP86-f0878d74" start="1622279040776" dump="1622279042355"/><sessioninfo id="DESKTOP-H6MRP86-a7ffc62d" start="1622279087851" dump="1622279089461"/><sessioninfo id="DESKTOP-H6MRP86-616fe2a2" start="1622279244655" dump="1622279246289"/><sessioninfo id="DESKTOP-H6MRP86-c9921d72" start="1622279263312" dump="1622279264718"/><sessioninfo id="DESKTOP-H6MRP86-2e278d5c" start="1622279450560" dump="1622279452873"/><sessioninfo id="DESKTOP-H6MRP86-fb262fd4" start="1622279556505" dump="1622279558112"/><sessioninfo id="DESKTOP-H6MRP86-fa4873e2" start="1622279590343" dump="1622279591879"/><sessioninfo id="DESKTOP-H6MRP86-c1e4a198" start="1622279641614" dump="1622279643189"/><sessioninfo id="DESKTOP-H6MRP86-8aa3d291" start="1622279677653" dump="1622279679723"/><sessioninfo id="DESKTOP-H6MRP86-f04072ed" start="1622279702133" dump="1622279703795"/><sessioninfo id="DESKTOP-H6MRP86-278ada1" start="1622279810563" dump="1622279812845"/><sessioninfo id="DESKTOP-H6MRP86-cc280bea" start="1622279965697" dump="1622279967468"/><sessioninfo id="DESKTOP-H6MRP86-96eea1e" start="1622281750826" dump="1622281752185"/><sessioninfo id="DESKTOP-H6MRP86-58af31bb" start="1622288624129" dump="1622288625087"/><sessioninfo id="DESKTOP-H6MRP86-6da6c0d3" start="1622288634559" dump="1622288635452"/><sessioninfo id="DESKTOP-H6MRP86-e01e89a1" start="1622449515719" dump="1622449516720"/><package name="ru/netology/statistic"><class name="ru/netology/statistic/StatisticsService" sourcefilename="StatisticsService.java"><method name="&lt;init&gt;" desc="()V" line="3"><counter type="INSTRUCTION" missed="3" covered="0"/><counter type="LINE" missed="1" covered="0"/><counter type="COMPLEXITY" missed="1" covered="0"/><counter type="METHOD" missed="1" covered="0"/></method><method name="findMax" desc="([J)J" line="11"><counter type="INSTRUCTION" missed="30" covered="0"/><counter type="BRANCH" missed="4" covered="0"/><counter type="LINE" missed="6" covered="0"/><counter type="COMPLEXITY" missed="3" covered="0"/><counter type="METHOD" missed="1" covered="0"/></method><counter type="INSTRUCTION" missed="33" covered="0"/><counter type="BRANCH" missed="4" covered="0"/><counter type="LINE" missed="7" covered="0"/><counter type="COMPLEXITY" missed="4" covered="0"/><counter type="METHOD" missed="2" covered="0"/><counter type="CLASS" missed="1" covered="0"/></class><class name="ru/netology/statistic/Test" sourcefilename="Test.java"/><sourcefile name="StatisticsService.java"><line nr="3" mi="3" ci="0" mb="0" cb="0"/><line nr="11" mi="2" ci="0" mb="0" cb="0"/><line nr="12" mi="4" ci="0" mb="0" cb="0"/><line nr="13" mi="16" ci="0" mb="2" cb="0"/><line nr="14" mi="4" ci="0" mb="2" cb="0"/><line nr="15" mi="2" ci="0" mb="0" cb="0"/><line nr="16" mi="2" ci="0" mb="0" cb="0"/><counter type="INSTRUCTION" missed="33" covered="0"/><counter type="BRANCH" missed="4" covered="0"/><counter type="LINE" missed="7" covered="0"/><counter type="COMPLEXITY" missed="4" covered="0"/><counter type="METHOD" missed="2" covered="0"/><counter type="CLASS" missed="1" covered="0"/></sourcefile><sourcefile name="Test.java"/><counter type="INSTRUCTION" missed="33" covered="0"/><counter type="BRANCH" missed="4" covered="0"/><counter type="LINE" missed="7" covered="0"/><counter type="COMPLEXITY" missed="4" covered="0"/><counter type="METHOD" missed="2" covered="0"/><counter type="CLASS" missed="1" covered="0"/></package><counter type="INSTRUCTION" missed="33" covered="0"/><counter type="BRANCH" missed="4" covered="0"/><counter type="LINE" missed="7" covered="0"/><counter type="COMPLEXITY" missed="4" covered="0"/><counter type="METHOD" missed="2" covered="0"/><counter type="CLASS" missed="1" covered="0"/></report>